<?xml version="1.0" encoding="UTF-8" ?>
<testsuite errors="0" failures="0" hostname="Mx" name="net.sourceforge.tess4j.TessAPITest" skipped="0" tests="19" time="7.252" timestamp="2016-02-15T13:50:02">
  <properties>
    <property name="default.javac.source" value="1.4" />
    <property name="file.encoding.pkg" value="sun.io" />
    <property name="jnlp.signing.alias" value="" />
    <property name="file.reference.logback-core-1.1.3.jar" value="lib\logback-core-1.1.3.jar" />
    <property name="javac.source" value="1.7" />
    <property name="testng.debug.mode" value="" />
    <property name="java.home" value="C:\Program Files\Java\jre1.8.0_73" />
    <property name="file.reference.logback-classic-1.1.3.jar" value="lib\logback-classic-1.1.3.jar" />
    <property name="test.src.dir" value="test" />
    <property name="javadoc.version" value="false" />
    <property name="jnlp.mixed.code" value="default" />
    <property name="libraries.path" value="C:\Users\Baydar\workspace\Tess\lib\nblibraries.properties" />
    <property name="java.endorsed.dirs" value="C:\Program Files\Java\jre1.8.0_73\lib\endorsed" />
    <property name="src.dir" value="src" />
    <property name="debug-args-line" value="-Xdebug" />
    <property name="build.sysclasspath" value="ignore" />
    <property name="have.sources" value="true" />
    <property name="includes" value="**" />
    <property name="javac.fork" value="false" />
    <property name="source.encoding" value="UTF-8" />
    <property name="sun.os.patch.level" value="" />
    <property name="java.vendor.url" value="http://java.oracle.com/" />
    <property name="java.version" value="1.8.0_73" />
    <property name="build.generated.subdirs" value="" />
    <property name="javac.debug" value="false" />
    <property name="application.desc" value="A Java wrapper for Tesseract OCR API" />
    <property name="run.classpath" value="lib/jai_imageio.jar:lib/commons-io-2.4.jar:lib/jna.jar:lib/ghost4j-1.0.0.jar:lib/lept4j-1.0.1.jar:lib/rococoa-core-0.5.jar:lib\logback-core-1.1.3.jar:lib/slf4j-api-1.7.13.jar:lib\logback-classic-1.1.3.jar:lib/log4j-1.2.17.jar:lib/itext-2.1.7.jar:lib/commons-beanutils-1.9.2.jar:lib/commons-logging-1.2.jar:lib/jul-to-slf4j-1.7.13.jar:build/classes" />
    <property name="java.vendor.url.bug" value="http://bugreport.sun.com/bugreport/" />
    <property name="ant.project.invoked-targets" value="default" />
    <property name="annotation.processing.run.all.processors" value="true" />
    <property name="user.name" value="Baydar" />
    <property name="jnlp.enabled" value="false" />
    <property name="empty.dir" value="C:\Users\Baydar\workspace\Tess\build\empty" />
    <property name="sun.io.unicode.encoding" value="UnicodeLittle" />
    <property name="sun.jnu.encoding" value="Cp1252" />
    <property name="java.runtime.name" value="Java(TM) SE Runtime Environment" />
    <property name="application.vendor" value="Quan Nguyen" />
    <property name="java.specification.name" value="Java Platform API Specification" />
    <property name="javadoc.author" value="false" />
    <property name="ap.proc.none.internal" value="" />
    <property name="user.timezone" value="" />
    <property name="user.script" value="" />
    <property name="path.separator" value=";" />
    <property name="testng.mode" value="testng" />
    <property name="version-output" value="java version &quot;1.8" />
    <property name="jnlp.signing" value="" />
    <property name="file.encoding" value="Cp1252" />
    <property name="dist.javadoc.dir" value="dist/javadoc" />
    <property name="ant.project.default-target" value="default" />
    <property name="javac.profile.cmd.line.arg" value="" />
    <property name="sun.java.command" value="org.apache.tools.ant.taskdefs.optional.junit.JUnitTestRunner net.sourceforge.tess4j.TessAPITest skipNonTests=false filtertrace=true haltOnError=false haltOnFailure=false showoutput=true outputtoformatters=true logfailedtests=true threadid=0 logtestlistenerevents=false formatter=org.apache.tools.ant.taskdefs.optional.junit.BriefJUnitResultFormatter formatter=org.apache.tools.ant.taskdefs.optional.junit.XMLJUnitResultFormatter,C:\Users\Baydar\workspace\Tess\build\test\results\TEST-net.sourceforge.tess4j.TessAPITest.xml crashfile=C:\Users\Baydar\workspace\Tess\build\junitvmwatcher8647848847311765649.properties propsfile=C:\Users\Baydar\workspace\Tess\build\junit6025180778567813195.properties" />
    <property name="built-jar.properties" value="C:\Users\Baydar\workspace\Tess\build\built-jar.properties" />
    <property name="ant.file" value="C:\Users\Baydar\workspace\Tess\build.xml" />
    <property name="junit.available" value="true" />
    <property name="do.jar" value="true" />
    <property name="java.io.tmpdir" value="C:\Users\Baydar\AppData\Local\Temp\" />
    <property name="build.test.results.dir" value="build/test/results" />
    <property name="user.language" value="tr" />
    <property name="line.separator" value="&#xd;&#xa;" />
    <property name="libs.junit_4.displayName" value="JUnit 4.12" />
    <property name="javac.compilerargs" value="" />
    <property name="file.reference.jai_imageio.jar" value="lib/jai_imageio.jar" />
    <property name="jar.compress" value="false" />
    <property name="debug-transport-by-os" value="dt_shmem" />
    <property name="ant.file.Tess4J-impl" value="C:\Users\Baydar\workspace\Tess\nbproject\build-impl.xml" />
    <property name="do.depend.true" value="true" />
    <property name="java.vm.info" value="mixed mode" />
    <property name="javadoc.private" value="false" />
    <property name="annotation.processing.processors.list" value="" />
    <property name="sun.desktop" value="windows" />
    <property name="build.test.classes.dir" value="build/test/classes" />
    <property name="java.vm.specification.name" value="Java Virtual Machine Specification" />
    <property name="version" value="3.0" />
    <property name="ant.file.type.Tess4J-impl" value="file" />
    <property name="test.binaryexcludes" value="" />
    <property name="file.reference.log4j-1.2.17.jar" value="lib/log4j-1.2.17.jar" />
    <property name="platform.active" value="default_platform" />
    <property name="ap.cmd.line.internal" value="" />
    <property name="jdkBug6558476" value="false" />
    <property name="java.failonerror" value="true" />
    <property name="endorsed.classpath" value="" />
    <property name="javadoc.encoding" value="UTF-8" />
    <property name="java.awt.printerjob" value="sun.awt.windows.WPrinterJob" />
    <property name="ap.processors.internal" value="" />
    <property name="do.archive" value="true" />
    <property name="dist.jar" value="dist/tess4j-3.0.jar" />
    <property name="meta.inf.dir" value="src/META-INF" />
    <property name="ant.version" value="Apache Ant(TM) version 1.9.4 compiled on April 29 2014" />
    <property name="ant.file.Tess4J" value="C:\Users\Baydar\workspace\Tess\build.xml" />
    <property name="javadoc.nonavbar" value="false" />
    <property name="user.properties.file" value="C:\Users\Quan\AppData\Roaming\NetBeans\8.1\build.properties" />
    <property name="javac.external.vm" value="false" />
    <property name="file.reference.rococoa-core-0.5.jar" value="lib/rococoa-core-0.5.jar" />
    <property name="annotation.processing.source.output" value="build/generated-sources/ap-source-output" />
    <property name="build.generated.dir" value="build/generated" />
    <property name="os.name" value="Windows 8.1" />
    <property name="java.specification.vendor" value="Oracle Corporation" />
    <property name="run.test.classpath" value="lib/jai_imageio.jar:lib/commons-io-2.4.jar:lib/jna.jar:lib/ghost4j-1.0.0.jar:lib/lept4j-1.0.1.jar:lib/rococoa-core-0.5.jar:lib\logback-core-1.1.3.jar:lib/slf4j-api-1.7.13.jar:lib\logback-classic-1.1.3.jar:lib/log4j-1.2.17.jar:lib/itext-2.1.7.jar:lib/commons-beanutils-1.9.2.jar:lib/commons-logging-1.2.jar:lib/jul-to-slf4j-1.7.13.jar:build/classes:C:/Users/Baydar/workspace/Tess/lib/junit-4.12.jar:C:/Users/Baydar/workspace/Tess/lib/hamcrest-core-1.3.jar:build/test/classes" />
    <property name="java.vm.name" value="Java HotSpot(TM) 64-Bit Server VM" />
    <property name="ant.file.type.Tess4J" value="file" />
    <property name="ap.supported.internal" value="true" />
    <property name="java.library.path" value="C:\Program Files\Java\jre1.8.0_73\bin;C:\WINDOWS\Sun\Java\bin;C:\WINDOWS\system32;C:\WINDOWS;C:/Program Files/Java/jre1.8.0_73/bin/server;C:/Program Files/Java/jre1.8.0_73/bin;C:/Program Files/Java/jre1.8.0_73/lib/amd64;C:\ProgramData\Oracle\Java\javapath;C:\WINDOWS\system32;C:\WINDOWS;C:\WINDOWS\System32\Wbem;C:\WINDOWS\System32\WindowsPowerShell\v1.0\;C:\Program Files (x86)\NVIDIA Corporation\PhysX\Common;C:\Program Files\Java\jdk1.8.0_65\bin;C:\apache-maven-3.3.9\bin;C:\Program Files\Java\jre1.8.0_71\bin;C:\eclipse;;." />
    <property name="ant.java.version" value="1.8" />
    <property name="basedir" value="C:\Users\Baydar\workspace\Tess" />
    <property name="javadoc.noindex" value="false" />
    <property name="java.class.version" value="52.0" />
    <property name="javac.test.classpath" value="lib/jai_imageio.jar:lib/commons-io-2.4.jar:lib/jna.jar:lib/ghost4j-1.0.0.jar:lib/lept4j-1.0.1.jar:lib/rococoa-core-0.5.jar:lib\logback-core-1.1.3.jar:lib/slf4j-api-1.7.13.jar:lib\logback-classic-1.1.3.jar:lib/log4j-1.2.17.jar:lib/itext-2.1.7.jar:lib/commons-beanutils-1.9.2.jar:lib/commons-logging-1.2.jar:lib/jul-to-slf4j-1.7.13.jar:build/classes:C:/Users/Baydar/workspace/Tess/lib/junit-4.12.jar:C:/Users/Baydar/workspace/Tess/lib/hamcrest-core-1.3.jar" />
    <property name="javac.processorpath" value="lib/jai_imageio.jar:lib/commons-io-2.4.jar:lib/jna.jar:lib/ghost4j-1.0.0.jar:lib/lept4j-1.0.1.jar:lib/rococoa-core-0.5.jar:lib\logback-core-1.1.3.jar:lib/slf4j-api-1.7.13.jar:lib\logback-classic-1.1.3.jar:lib/log4j-1.2.17.jar:lib/itext-2.1.7.jar:lib/commons-beanutils-1.9.2.jar:lib/commons-logging-1.2.jar:lib/jul-to-slf4j-1.7.13.jar" />
    <property name="ant.home" value="C:\eclipse\plugins\org.apache.ant_1.9.4.v201504302020" />
    <property name="javadoc.splitindex" value="true" />
    <property name="javac.test.processorpath" value="lib/jai_imageio.jar:lib/commons-io-2.4.jar:lib/jna.jar:lib/ghost4j-1.0.0.jar:lib/lept4j-1.0.1.jar:lib/rococoa-core-0.5.jar:lib\logback-core-1.1.3.jar:lib/slf4j-api-1.7.13.jar:lib\logback-classic-1.1.3.jar:lib/log4j-1.2.17.jar:lib/itext-2.1.7.jar:lib/commons-beanutils-1.9.2.jar:lib/commons-logging-1.2.jar:lib/jul-to-slf4j-1.7.13.jar:build/classes:C:/Users/Baydar/workspace/Tess/lib/junit-4.12.jar:C:/Users/Baydar/workspace/Tess/lib/hamcrest-core-1.3.jar" />
    <property name="javadoc.preview" value="true" />
    <property name="copylibs.rebase" value="true" />
    <property name="jnlp.signing.keystore" value="" />
    <property name="junit.forkmode" value="perTest" />
    <property name="test.binarytestincludes" value="" />
    <property name="libs.junit_4.classpath" value="C:/Users/Baydar/workspace/Tess/lib/junit-4.12.jar" />
    <property name="sun.boot.library.path" value="C:\Program Files\Java\jre1.8.0_73\bin" />
    <property name="build.dir" value="build" />
    <property name="application.title" value="Tess4J" />
    <property name="sun.management.compiler" value="HotSpot 64-Bit Tiered Compilers" />
    <property name="java.awt.graphicsenv" value="sun.awt.Win32GraphicsEnvironment" />
    <property name="user.variant" value="" />
    <property name="javadoc.encoding.used" value="UTF-8" />
    <property name="libraries.dir.nativedirsep" value="C:\Users\Baydar\workspace\Tess\lib" />
    <property name="javadoc.windowtitle" value="Tess4J API" />
    <property name="libs.hamcrest.classpath" value="C:/Users/Baydar/workspace/Tess/lib/hamcrest-core-1.3.jar" />
    <property name="run.jvmargs.ide" value="" />
    <property name="annotation.processing.enabled" value="true" />
    <property name="build.generated.sources.dir" value="build/generated-sources" />
    <property name="nb.junit.single" value="false" />
    <property name="run.jvmargs" value="" />
    <property name="ant.project.name" value="Tess4J" />
    <property name="java.vm.specification.version" value="1.8" />
    <property name="file.reference.commons-beanutils-1.9.2.jar" value="lib/commons-beanutils-1.9.2.jar" />
    <property name="work.dir" value="C:\Users\Baydar\workspace\Tess" />
    <property name="awt.toolkit" value="sun.awt.windows.WToolkit" />
    <property name="javadoc.use" value="true" />
    <property name="sun.cpu.isalist" value="amd64" />
    <property name="file.reference.slf4j-api-1.7.13.jar" value="lib/slf4j-api-1.7.13.jar" />
    <property name="file.reference.commons-logging-1.2.jar" value="lib/commons-logging-1.2.jar" />
    <property name="java.ext.dirs" value="C:\Program Files\Java\jre1.8.0_73\lib\ext;C:\WINDOWS\Sun\Java\lib\ext" />
    <property name="os.version" value="6.3" />
    <property name="excludes" value="" />
    <property name="jnlp.descriptor" value="application" />
    <property name="user.home" value="C:\Users\Baydar" />
    <property name="libraries.basename" value="nblibraries" />
    <property name="java.vm.vendor" value="Oracle Corporation" />
    <property name="file.reference.itext-2.1.7.jar" value="lib/itext-2.1.7.jar" />
    <property name="user.dir" value="C:\Users\Baydar\workspace\Tess" />
    <property name="file.reference.jul-to-slf4j-1.7.13.jar" value="lib/jul-to-slf4j-1.7.13.jar" />
    <property name="debug-transport" value="dt_shmem" />
    <property name="application.args" value="" />
    <property name="sun.cpu.endian" value="little" />
    <property name="compile.on.save" value="true" />
    <property name="endorsed.classpath.cmd.line.arg" value="" />
    <property name="jar.index" value="false" />
    <property name="jnlp.offline-allowed" value="false" />
    <property name="libraries.dir" value="C:/Users/Baydar/workspace/Tess/lib" />
    <property name="java.vm.version" value="25.73-b02" />
    <property name="libs.hamcrest.displayName" value="Hamcrest 1.3" />
    <property name="test.binaryincludes" value="&lt;nothing&gt;" />
    <property name="java.class.path" value="C:\Users\Baydar\workspace\Tess\lib\jai_imageio.jar;C:\Users\Baydar\workspace\Tess\lib\commons-io-2.4.jar;C:\Users\Baydar\workspace\Tess\lib\jna.jar;C:\Users\Baydar\workspace\Tess\lib\ghost4j-1.0.0.jar;C:\Users\Baydar\workspace\Tess\lib\lept4j-1.0.1.jar;C:\Users\Baydar\workspace\Tess\lib\rococoa-core-0.5.jar;C:\Users\Baydar\workspace\Tess\lib\logback-core-1.1.3.jar;C:\Users\Baydar\workspace\Tess\lib\slf4j-api-1.7.13.jar;C:\Users\Baydar\workspace\Tess\lib\logback-classic-1.1.3.jar;C:\Users\Baydar\workspace\Tess\lib\log4j-1.2.17.jar;C:\Users\Baydar\workspace\Tess\lib\itext-2.1.7.jar;C:\Users\Baydar\workspace\Tess\lib\commons-beanutils-1.9.2.jar;C:\Users\Baydar\workspace\Tess\lib\commons-logging-1.2.jar;C:\Users\Baydar\workspace\Tess\lib\jul-to-slf4j-1.7.13.jar;C:\Users\Baydar\workspace\Tess\build\classes;C:\Users\Baydar\workspace\Tess\lib\junit-4.12.jar;C:\Users\Baydar\workspace\Tess\lib\hamcrest-core-1.3.jar;C:\Users\Baydar\workspace\Tess\build\test\classes;C:\Users\Baydar\workspace\Tess;C:\eclipse\plugins\org.apache.ant_1.9.4.v201504302020\lib\ant-launcher.jar;C:\eclipse\plugins\org.apache.ant_1.9.4.v201504302020\lib\ant.jar;C:\eclipse\plugins\org.apache.ant_1.9.4.v201504302020\lib\ant-junit.jar;C:\eclipse\plugins\org.apache.ant_1.9.4.v201504302020\lib\ant-junit4.jar" />
    <property name="annotation.processing.processor.options" value="" />
    <property name="file.reference.ghost4j-1.0.0.jar" value="lib/ghost4j-1.0.0.jar" />
    <property name="ant.library.dir" value="C:\eclipse\plugins\org.apache.ant_1.9.4.v201504302020\lib" />
    <property name="os.arch" value="amd64" />
    <property name="javac.deprecation" value="true" />
    <property name="build.classes.excludes" value="**/*.java,**/*.form" />
    <property name="dist.dir" value="dist" />
    <property name="debug.classpath" value="lib/jai_imageio.jar:lib/commons-io-2.4.jar:lib/jna.jar:lib/ghost4j-1.0.0.jar:lib/lept4j-1.0.1.jar:lib/rococoa-core-0.5.jar:lib\logback-core-1.1.3.jar:lib/slf4j-api-1.7.13.jar:lib\logback-classic-1.1.3.jar:lib/log4j-1.2.17.jar:lib/itext-2.1.7.jar:lib/commons-beanutils-1.9.2.jar:lib/commons-logging-1.2.jar:lib/jul-to-slf4j-1.7.13.jar:build/classes" />
    <property name="sun.java.launcher" value="SUN_STANDARD" />
    <property name="jar.index.metainf" value="false" />
    <property name="jnlp.codebase.type" value="no.codebase" />
    <property name="platform.java" value="C:\Program Files\Java\jre1.8.0_73/bin/java" />
    <property name="annotation.processing.enabled.in.editor" value="false" />
    <property name="ant.core.lib" value="C:\eclipse\plugins\org.apache.ant_1.9.4.v201504302020\lib\ant.jar" />
    <property name="jnlp.signed" value="false" />
    <property name="java.vm.specification.vendor" value="Oracle Corporation" />
    <property name="do.depend" value="true" />
    <property name="file.separator" value="\" />
    <property name="java.runtime.version" value="1.8.0_73-b02" />
    <property name="sun.boot.class.path" value="C:\Program Files\Java\jre1.8.0_73\lib\resources.jar;C:\Program Files\Java\jre1.8.0_73\lib\rt.jar;C:\Program Files\Java\jre1.8.0_73\lib\sunrsasign.jar;C:\Program Files\Java\jre1.8.0_73\lib\jsse.jar;C:\Program Files\Java\jre1.8.0_73\lib\jce.jar;C:\Program Files\Java\jre1.8.0_73\lib\charsets.jar;C:\Program Files\Java\jre1.8.0_73\lib\jfr.jar;C:\Program Files\Java\jre1.8.0_73\classes" />
    <property name="debug.test.classpath" value="lib/jai_imageio.jar:lib/commons-io-2.4.jar:lib/jna.jar:lib/ghost4j-1.0.0.jar:lib/lept4j-1.0.1.jar:lib/rococoa-core-0.5.jar:lib\logback-core-1.1.3.jar:lib/slf4j-api-1.7.13.jar:lib\logback-classic-1.1.3.jar:lib/log4j-1.2.17.jar:lib/itext-2.1.7.jar:lib/commons-beanutils-1.9.2.jar:lib/commons-logging-1.2.jar:lib/jul-to-slf4j-1.7.13.jar:build/classes:C:/Users/Baydar/workspace/Tess/lib/junit-4.12.jar:C:/Users/Baydar/workspace/Tess/lib/hamcrest-core-1.3.jar:build/test/classes" />
    <property name="nb.junit.batch" value="true" />
    <property name="have.tests" value="true" />
    <property name="jar.archive.disabled" value="false" />
    <property name="libs.junit_4.prop-maven-dependencies" value="junit:junit:4.12:jar" />
    <property name="file.reference.jna.jar" value="lib/jna.jar" />
    <property name="file.reference.lept4j-1.0.1.jar" value="lib/lept4j-1.0.1.jar" />
    <property name="user.country" value="TR" />
    <property name="javadoc.notree" value="false" />
    <property name="application.homepage" value="http://tess4j.sf.net" />
    <property name="file.reference.commons-io-2.4.jar" value="lib/commons-io-2.4.jar" />
    <property name="javadoc.additionalparam" value="" />
    <property name="javac.classpath" value="lib/jai_imageio.jar:lib/commons-io-2.4.jar:lib/jna.jar:lib/ghost4j-1.0.0.jar:lib/lept4j-1.0.1.jar:lib/rococoa-core-0.5.jar:lib\logback-core-1.1.3.jar:lib/slf4j-api-1.7.13.jar:lib\logback-classic-1.1.3.jar:lib/log4j-1.2.17.jar:lib/itext-2.1.7.jar:lib/commons-beanutils-1.9.2.jar:lib/commons-logging-1.2.jar:lib/jul-to-slf4j-1.7.13.jar" />
    <property name="default.javac.target" value="1.4" />
    <property name="build.classes.dir" value="build/classes" />
    <property name="java.vendor" value="Oracle Corporation" />
    <property name="javac.target" value="1.7" />
    <property name="runtime.encoding" value="UTF-8" />
    <property name="libs.hamcrest.prop-maven-dependencies" value="org.hamcrest:hamcrest-core:1.3:jar" />
    <property name="java.specification.version" value="1.8" />
    <property name="sun.arch.data.model" value="64" />
    <property name="mkdist.disabled" value="false" />
  </properties>
  <testcase classname="net.sourceforge.tess4j.TessAPITest" name="testTessBaseAPIAnalyseLayout" time="0.945" />
  <testcase classname="net.sourceforge.tess4j.TessAPITest" name="testChoiceIterator" time="0.37" />
  <testcase classname="net.sourceforge.tess4j.TessAPITest" name="testTessBaseAPIGetUTF8Text" time="0.5" />
  <testcase classname="net.sourceforge.tess4j.TessAPITest" name="testOSD" time="1.097" />
  <testcase classname="net.sourceforge.tess4j.TessAPITest" name="testTessBaseAPIGetUTF8Text_Pix" time="0.462" />
  <testcase classname="net.sourceforge.tess4j.TessAPITest" name="testTessBaseAPIGetInitLanguagesAsString" time="0.0" />
  <testcase classname="net.sourceforge.tess4j.TessAPITest" name="testTessBaseAPIGetComponentImages" time="0.5" />
  <testcase classname="net.sourceforge.tess4j.TessAPITest" name="testTessBaseAPIProcessPage" time="0.461" />
  <testcase classname="net.sourceforge.tess4j.TessAPITest" name="testTessBaseAPIRect" time="0.489" />
  <testcase classname="net.sourceforge.tess4j.TessAPITest" name="testTessBaseAPIGetBoolVariable" time="0.0" />
  <testcase classname="net.sourceforge.tess4j.TessAPITest" name="testTessBaseAPIPrintVariablesToFile" time="0.005" />
  <testcase classname="net.sourceforge.tess4j.TessAPITest" name="testResultRenderer" time="0.466" />
  <testcase classname="net.sourceforge.tess4j.TessAPITest" name="testTessBaseAPIProcessPages" time="0.458" />
  <testcase classname="net.sourceforge.tess4j.TessAPITest" name="testTessBaseAPIInit4" time="0.076" />
  <testcase classname="net.sourceforge.tess4j.TessAPITest" name="testTessBaseAPIGetLoadedLanguagesAsVector" time="0.076" />
  <testcase classname="net.sourceforge.tess4j.TessAPITest" name="testTessBaseAPIGetAvailableLanguagesAsVector" time="0.075" />
  <testcase classname="net.sourceforge.tess4j.TessAPITest" name="testTessBaseAPIGetHOCRText" time="0.471" />
  <testcase classname="net.sourceforge.tess4j.TessAPITest" name="testResultIterator" time="0.765" />
  <testcase classname="net.sourceforge.tess4j.TessAPITest" name="testTessVersion" time="0.001" />
  <system-out><![CDATA[15:50:02.743 [main] INFO  net.sourceforge.tess4j.TessAPITest - TessBaseAPIAnalyseLayout
15:50:02.991 [main] INFO  net.sourceforge.tess4j.TessAPITest - PageIteratorLevel: RIL_TEXTLINE
15:50:03.012 [main] INFO  net.sourceforge.tess4j.TessAPITest - Box[0]: x=105, y=66, w=718, h=47
15:50:03.013 [main] INFO  net.sourceforge.tess4j.TessAPITest - Box[1]: x=104, y=115, w=783, h=50
15:50:03.013 [main] INFO  net.sourceforge.tess4j.TessAPITest - Box[2]: x=103, y=165, w=732, h=41
15:50:03.013 [main] INFO  net.sourceforge.tess4j.TessAPITest - Box[3]: x=103, y=215, w=808, h=49
15:50:03.013 [main] INFO  net.sourceforge.tess4j.TessAPITest - Box[4]: x=102, y=266, w=775, h=48
15:50:03.013 [main] INFO  net.sourceforge.tess4j.TessAPITest - Box[5]: x=102, y=315, w=816, h=42
15:50:03.013 [main] INFO  net.sourceforge.tess4j.TessAPITest - Box[6]: x=101, y=366, w=732, h=43
15:50:03.013 [main] INFO  net.sourceforge.tess4j.TessAPITest - Box[7]: x=100, y=419, w=759, h=45
15:50:03.014 [main] INFO  net.sourceforge.tess4j.TessAPITest - Box[8]: x=100, y=466, w=734, h=45
15:50:03.014 [main] INFO  net.sourceforge.tess4j.TessAPITest - Box[9]: x=99, y=516, w=734, h=47
15:50:03.014 [main] INFO  net.sourceforge.tess4j.TessAPITest - Box[10]: x=98, y=568, w=731, h=45
15:50:03.014 [main] INFO  net.sourceforge.tess4j.TessAPITest - Box[11]: x=98, y=616, w=612, h=45
15:50:03.019 [main] INFO  net.sourceforge.tess4j.TessAPITest - TessResultIteratorGetChoiceIterator
15:50:03.186 [Thread-2] INFO  n.sourceforge.tess4j.ProgressMonitor - ocr alive: false
15:50:03.186 [Thread-2] INFO  n.sourceforge.tess4j.ProgressMonitor - progress: 0
15:50:03.254 [main] INFO  net.sourceforge.tess4j.TessAPITest - Message: 0
15:50:03.255 [main] INFO  net.sourceforge.tess4j.TessAPITest - symbol ”, conf: 75,915962
	- 15:50:03.255 [main] INFO  net.sourceforge.tess4j.TessAPITest - n conf: 80,995392
		- 15:50:03.255 [main] INFO  net.sourceforge.tess4j.TessAPITest - u conf: 79,086304
		- 15:50:03.255 [main] INFO  net.sourceforge.tess4j.TessAPITest - ” conf: 75,915962
		- 15:50:03.256 [main] INFO  net.sourceforge.tess4j.TessAPITest - H conf: 75,478256
		- 15:50:03.256 [main] INFO  net.sourceforge.tess4j.TessAPITest - U conf: 71,112495
		- 15:50:03.256 [main] INFO  net.sourceforge.tess4j.TessAPITest - ? conf: 70,597626
		- 15:50:03.256 [main] INFO  net.sourceforge.tess4j.TessAPITest - “ conf: 69,495064
		- 15:50:03.256 [main] INFO  net.sourceforge.tess4j.TessAPITest - m conf: 68,843292
		- 15:50:03.256 [main] INFO  net.sourceforge.tess4j.TessAPITest - M conf: 67,530167
		- 15:50:03.256 [main] INFO  net.sourceforge.tess4j.TessAPITest - N conf: 67,238068
15:50:03.256 [main] INFO  net.sourceforge.tess4j.TessAPITest - ---------------------------------------------
15:50:03.256 [main] INFO  net.sourceforge.tess4j.TessAPITest - symbol u, conf: 85,461090
	- 15:50:03.256 [main] INFO  net.sourceforge.tess4j.TessAPITest - u conf: 85,461090
		- 15:50:03.257 [main] INFO  net.sourceforge.tess4j.TessAPITest - 0 conf: 82,795883
		- 15:50:03.257 [main] INFO  net.sourceforge.tess4j.TessAPITest - U conf: 81,044731
		- 15:50:03.257 [main] INFO  net.sourceforge.tess4j.TessAPITest - o conf: 80,628052
		- 15:50:03.257 [main] INFO  net.sourceforge.tess4j.TessAPITest - O conf: 75,804092
		- 15:50:03.257 [main] INFO  net.sourceforge.tess4j.TessAPITest - D conf: 73,159180
		- 15:50:03.257 [main] INFO  net.sourceforge.tess4j.TessAPITest - n conf: 72,561432
		- 15:50:03.257 [main] INFO  net.sourceforge.tess4j.TessAPITest - a conf: 72,536652
		- 15:50:03.257 [main] INFO  net.sourceforge.tess4j.TessAPITest - Q conf: 71,146194
15:50:03.257 [main] INFO  net.sourceforge.tess4j.TessAPITest - ---------------------------------------------
15:50:03.257 [main] INFO  net.sourceforge.tess4j.TessAPITest - symbol m, conf: 86,553200
	- 15:50:03.258 [main] INFO  net.sourceforge.tess4j.TessAPITest - m conf: 86,553200
		- 15:50:03.258 [main] INFO  net.sourceforge.tess4j.TessAPITest - w conf: 73,913483
15:50:03.258 [main] INFO  net.sourceforge.tess4j.TessAPITest - ---------------------------------------------
15:50:03.258 [main] INFO  net.sourceforge.tess4j.TessAPITest - symbol a, conf: 87,259933
	- 15:50:03.258 [main] INFO  net.sourceforge.tess4j.TessAPITest - a conf: 87,259933
		- 15:50:03.258 [main] INFO  net.sourceforge.tess4j.TessAPITest - u conf: 73,123428
15:50:03.258 [main] INFO  net.sourceforge.tess4j.TessAPITest - ---------------------------------------------
15:50:03.258 [main] INFO  net.sourceforge.tess4j.TessAPITest - symbol s, conf: 93,835777
	- 15:50:03.258 [main] INFO  net.sourceforge.tess4j.TessAPITest - s conf: 93,835777
		- 15:50:03.258 [main] INFO  net.sourceforge.tess4j.TessAPITest - 5 conf: 87,603432
		- 15:50:03.258 [main] INFO  net.sourceforge.tess4j.TessAPITest - S conf: 85,454666
		- 15:50:03.258 [main] INFO  net.sourceforge.tess4j.TessAPITest - $ conf: 82,590813
		- 15:50:03.259 [main] INFO  net.sourceforge.tess4j.TessAPITest - § conf: 79,942047
15:50:03.259 [main] INFO  net.sourceforge.tess4j.TessAPITest - ---------------------------------------------
15:50:03.259 [main] INFO  net.sourceforge.tess4j.TessAPITest - symbol p, conf: 95,687866
	- 15:50:03.259 [main] INFO  net.sourceforge.tess4j.TessAPITest - p conf: 95,687866
15:50:03.259 [main] INFO  net.sourceforge.tess4j.TessAPITest - ---------------------------------------------
15:50:03.259 [main] INFO  net.sourceforge.tess4j.TessAPITest - symbol a, conf: 91,527740
	- 15:50:03.259 [main] INFO  net.sourceforge.tess4j.TessAPITest - a conf: 91,527740
15:50:03.259 [main] INFO  net.sourceforge.tess4j.TessAPITest - ---------------------------------------------
15:50:03.284 [main] INFO  net.sourceforge.tess4j.TessAPITest - symbol m, conf: 93,009445
	- 15:50:03.284 [main] INFO  net.sourceforge.tess4j.TessAPITest - m conf: 93,009445
15:50:03.284 [main] INFO  net.sourceforge.tess4j.TessAPITest - ---------------------------------------------
15:50:03.284 [main] INFO  net.sourceforge.tess4j.TessAPITest - symbol m, conf: 93,132942
	- 15:50:03.284 [main] INFO  net.sourceforge.tess4j.TessAPITest - m conf: 93,132942
15:50:03.284 [main] INFO  net.sourceforge.tess4j.TessAPITest - ---------------------------------------------
15:50:03.284 [main] INFO  net.sourceforge.tess4j.TessAPITest - symbol e, conf: 91,107666
	- 15:50:03.285 [main] INFO  net.sourceforge.tess4j.TessAPITest - e conf: 91,107666
		- 15:50:03.285 [main] INFO  net.sourceforge.tess4j.TessAPITest - c conf: 81,621017
15:50:03.285 [main] INFO  net.sourceforge.tess4j.TessAPITest - ---------------------------------------------
15:50:03.285 [main] INFO  net.sourceforge.tess4j.TessAPITest - symbol r, conf: 85,452377
	- 15:50:03.285 [main] INFO  net.sourceforge.tess4j.TessAPITest - r conf: 85,452377
		- 15:50:03.285 [main] INFO  net.sourceforge.tess4j.TessAPITest - t conf: 76,010422
		- 15:50:03.285 [main] INFO  net.sourceforge.tess4j.TessAPITest - I conf: 74,115311
15:50:03.285 [main] INFO  net.sourceforge.tess4j.TessAPITest - ---------------------------------------------
15:50:03.285 [main] INFO  net.sourceforge.tess4j.TessAPITest - symbol @, conf: 73,220566
	- 15:50:03.285 [main] INFO  net.sourceforge.tess4j.TessAPITest - @ conf: 73,220566
15:50:03.285 [main] INFO  net.sourceforge.tess4j.TessAPITest - ---------------------------------------------
15:50:03.285 [main] INFO  net.sourceforge.tess4j.TessAPITest - symbol w, conf: 96,203575
	- 15:50:03.286 [Thread-2] INFO  n.sourceforge.tess4j.ProgressMonitor - ocr alive: true
15:50:03.286 [Thread-2] INFO  n.sourceforge.tess4j.ProgressMonitor - progress: 100
15:50:03.286 [main] INFO  net.sourceforge.tess4j.TessAPITest - w conf: 96,203575
		- 15:50:03.286 [main] INFO  net.sourceforge.tess4j.TessAPITest - W conf: 89,168915
15:50:03.286 [main] INFO  net.sourceforge.tess4j.TessAPITest - ---------------------------------------------
15:50:03.286 [main] INFO  net.sourceforge.tess4j.TessAPITest - symbol e, conf: 92,872879
	- 15:50:03.286 [main] INFO  net.sourceforge.tess4j.TessAPITest - e conf: 92,872879
		- 15:50:03.286 [main] INFO  net.sourceforge.tess4j.TessAPITest - c conf: 79,961136
15:50:03.286 [main] INFO  net.sourceforge.tess4j.TessAPITest - ---------------------------------------------
15:50:03.286 [main] INFO  net.sourceforge.tess4j.TessAPITest - symbol 0, conf: 82,015205
	- 15:50:03.287 [main] INFO  net.sourceforge.tess4j.TessAPITest - D conf: 84,704590
		- 15:50:03.287 [main] INFO  net.sourceforge.tess4j.TessAPITest - o conf: 83,438599
		- 15:50:03.287 [main] INFO  net.sourceforge.tess4j.TessAPITest - 0 conf: 82,015205
		- 15:50:03.287 [main] INFO  net.sourceforge.tess4j.TessAPITest - O conf: 80,526337
		- 15:50:03.287 [main] INFO  net.sourceforge.tess4j.TessAPITest - b conf: 80,402985
		- 15:50:03.287 [main] INFO  net.sourceforge.tess4j.TessAPITest - n conf: 79,619080
		- 15:50:03.287 [main] INFO  net.sourceforge.tess4j.TessAPITest - u conf: 79,599983
		- 15:50:03.287 [main] INFO  net.sourceforge.tess4j.TessAPITest - U conf: 79,159546
		- 15:50:03.287 [main] INFO  net.sourceforge.tess4j.TessAPITest - v conf: 76,372604
		- 15:50:03.288 [main] INFO  net.sourceforge.tess4j.TessAPITest - a conf: 74,261772
15:50:03.288 [main] INFO  net.sourceforge.tess4j.TessAPITest - ---------------------------------------------
15:50:03.288 [main] INFO  net.sourceforge.tess4j.TessAPITest - symbol 5, conf: 84,670212
	- 15:50:03.288 [main] INFO  net.sourceforge.tess4j.TessAPITest - s conf: 93,219666
		- 15:50:03.288 [main] INFO  net.sourceforge.tess4j.TessAPITest - S conf: 89,481613
		- 15:50:03.288 [main] INFO  net.sourceforge.tess4j.TessAPITest - 5 conf: 84,670212
		- 15:50:03.288 [main] INFO  net.sourceforge.tess4j.TessAPITest - $ conf: 82,283829
		- 15:50:03.288 [main] INFO  net.sourceforge.tess4j.TessAPITest - § conf: 79,448044
15:50:03.288 [main] INFO  net.sourceforge.tess4j.TessAPITest - ---------------------------------------------
15:50:03.292 [main] INFO  net.sourceforge.tess4j.TessAPITest - symbol 1, conf: 84,163788
	- 15:50:03.292 [main] INFO  net.sourceforge.tess4j.TessAPITest - 1 conf: 84,163788
		- 15:50:03.292 [main] INFO  net.sourceforge.tess4j.TessAPITest - l conf: 81,785667
		- 15:50:03.384 [main] INFO  net.sourceforge.tess4j.TessAPITest - I conf: 78,418610
		- 15:50:03.384 [main] INFO  net.sourceforge.tess4j.TessAPITest - ! conf: 74,251030
		- 15:50:03.384 [main] INFO  net.sourceforge.tess4j.TessAPITest - i conf: 72,678902
15:50:03.384 [main] INFO  net.sourceforge.tess4j.TessAPITest - ---------------------------------------------
15:50:03.389 [main] INFO  net.sourceforge.tess4j.TessAPITest - TessBaseAPIGetUTF8Text
15:50:03.885 [main] INFO  net.sourceforge.tess4j.TessAPITest - The (quick) [brown] {fox} jumps!
Over the $43,456.78 <lazy> #90 dog
& duck/goose, as 12.5% of E-mail
from aspammer@website.com is spam.
Der ,,schnelle” braune Fuchs springt
?ber den faulen Hund. Le renard brun
«rapide» saute par-dessus le chien
paresseux. La volpe marrone rapida
salta sopra i] cane pigro. El zorro
marrén répido salta sobre el perro
perezoso. A raposa marrom répida
salta sobre 0 C50 preguieoso.


15:50:03.890 [main] INFO  net.sourceforge.tess4j.TessAPITest - OSD
15:50:03.967 [main] INFO  net.sourceforge.tess4j.TessAPITest - PSM: PSM_AUTO_OSD
15:50:04.979 [main] INFO  net.sourceforge.tess4j.TessAPITest - Orientation: ORIENTATION_PAGE_UP
WritingDirection: WRITING_DIRECTION_LEFT_TO_RIGHT
TextlineOrder: TEXTLINE_ORDER_TOP_TO_BOTTOM
Deskew angle: 0,0138

15:50:04.988 [main] INFO  net.sourceforge.tess4j.TessAPITest - TessBaseAPIGetUTF8Text_Pix
15:50:05.445 [main] INFO  net.sourceforge.tess4j.TessAPITest - The (quick) [brown] {fox} jumps!
Over the $43,456.78 <lazy> #90 dog
& duck/goose, as 12.5% of E-mail
from aspammer@website.com is spam.
Der ,,schnelle” braune Fuchs springt
?ber den faulen Hund. Le renard brun
«rapide» saute par-dessus le chien
paresseux. La volpe marrone rapida
salta sopra i] cane pigro. El zorro
marrén répido salta sobre el perro
perezoso. A raposa marrom répida
salta sobre 0 C50 preguieoso.


15:50:05.450 [main] INFO  net.sourceforge.tess4j.TessAPITest - TessBaseAPIGetInitLanguagesAsString
15:50:05.451 [main] INFO  net.sourceforge.tess4j.TessAPITest - TessBaseAPIGetComponentImages
Box[0]: x=105, y=66, w=718, h=47, confidence: 88, text: The (quick) [brown] {fox} jumps!

Box[1]: x=104, y=115, w=783, h=50, confidence: 90, text: Over the $43,456.78 <lazy> #90 dog

Box[2]: x=103, y=165, w=732, h=41, confidence: 90, text: & duck/goose, as 12.5% of E-mail

Box[3]: x=103, y=215, w=808, h=49, confidence: 88, text: from aspammer@website.com is spam.

Box[4]: x=102, y=266, w=775, h=48, confidence: 85, text: Der ,,schnelle” braune Fuchs springt

Box[5]: x=102, y=315, w=816, h=42, confidence: 86, text: ?ber den faulen Hund. Le renard brun

Box[6]: x=101, y=366, w=732, h=43, confidence: 88, text: «rapide» saute par-dessus le chien

Box[7]: x=100, y=419, w=759, h=45, confidence: 88, text: paresseux. La volpe marrone rapida

Box[8]: x=100, y=466, w=734, h=45, confidence: 90, text: salta sopra i] cane pigro. El zorro

Box[9]: x=99, y=516, w=734, h=47, confidence: 86, text: marrén répido salta sobre el perro

Box[10]: x=98, y=568, w=731, h=45, confidence: 87, text: perezoso. A raposa marrom répida

Box[11]: x=98, y=616, w=612, h=45, confidence: 82, text: salta sobre 0 C50 preguieoso.

15:50:05.952 [main] INFO  net.sourceforge.tess4j.TessAPITest - TessBaseAPIProcessPage
15:50:06.413 [main] INFO  net.sourceforge.tess4j.TessAPITest - TessBaseAPIRect
15:50:06.898 [main] INFO  net.sourceforge.tess4j.TessAPITest - The (quick) [brown] {fox} jumps!
Over the $43,456.78 <lazy> #90 dog
& duck/goose, as 12.5% of E-mail
from aspammer@website.com is spam.
Der ,,schnelle” braune Fuchs springt
?ber den faulen Hund. Le renard brun
«rapide» saute par-dessus le chien
paresseux. La volpe marrone rapida
salta sopra i] cane pigro. El zorro
marrén répido salta sobre el perro
perezoso. A raposa marrom répida
salta sobre 0 C50 preguieoso.


15:50:06.903 [main] INFO  net.sourceforge.tess4j.TessAPITest - TessBaseAPIGetBoolVariable
15:50:06.903 [main] INFO  net.sourceforge.tess4j.TessAPITest - TessBaseAPIPrintVariablesToFile
15:50:06.908 [main] INFO  net.sourceforge.tess4j.TessAPITest - TessResultRenderer
15:50:07.367 [main] INFO  net.sourceforge.tess4j.TessAPITest - TessResultRendererExtention: hocr
TessResultRendererTitle: 
TessResultRendererImageNum: 0
15:50:07.367 [main] INFO  net.sourceforge.tess4j.TessAPITest - TessResultRendererExtention: pdf
TessResultRendererTitle: 
TessResultRendererImageNum: 0
15:50:07.368 [main] INFO  net.sourceforge.tess4j.TessAPITest - TessResultRendererExtention: txt
TessResultRendererTitle: 
TessResultRendererImageNum: 0
15:50:07.368 [main] INFO  net.sourceforge.tess4j.TessAPITest - TessResultRendererExtention: box
TessResultRendererTitle: 
TessResultRendererImageNum: 0
15:50:07.375 [main] INFO  net.sourceforge.tess4j.TessAPITest - TessBaseAPIProcessPages
15:50:07.834 [main] INFO  net.sourceforge.tess4j.TessAPITest - TessBaseAPIInit4
15:50:07.911 [main] INFO  net.sourceforge.tess4j.TessAPITest - TessBaseAPIGetLoadedLanguagesAsVector
15:50:07.988 [main] INFO  net.sourceforge.tess4j.TessAPITest - TessBaseAPIGetAvailableLanguagesAsVector
15:50:08.064 [main] INFO  net.sourceforge.tess4j.TessAPITest - TessBaseAPIGetHOCRText
15:50:08.536 [main] INFO  net.sourceforge.tess4j.TessAPITest - TessBaseAPIGetIterator
15:50:08.617 [Thread-3] INFO  n.sourceforge.tess4j.ProgressMonitor - ocr alive: false
15:50:08.617 [Thread-3] INFO  n.sourceforge.tess4j.ProgressMonitor - progress: 0
15:50:08.717 [Thread-3] INFO  n.sourceforge.tess4j.ProgressMonitor - ocr alive: false
15:50:08.717 [Thread-3] INFO  n.sourceforge.tess4j.ProgressMonitor - progress: 0
15:50:08.817 [Thread-3] INFO  n.sourceforge.tess4j.ProgressMonitor - ocr alive: false
15:50:08.817 [Thread-3] INFO  n.sourceforge.tess4j.ProgressMonitor - progress: 0
15:50:08.917 [Thread-3] INFO  n.sourceforge.tess4j.ProgressMonitor - ocr alive: false
15:50:08.917 [Thread-3] INFO  n.sourceforge.tess4j.ProgressMonitor - progress: 0
15:50:09.017 [Thread-3] INFO  n.sourceforge.tess4j.ProgressMonitor - ocr alive: false
15:50:09.017 [Thread-3] INFO  n.sourceforge.tess4j.ProgressMonitor - progress: 0
15:50:09.030 [main] INFO  net.sourceforge.tess4j.TessAPITest - Message: 00000
15:50:09.031 [main] INFO  net.sourceforge.tess4j.TessAPITest - Bounding boxes:
char(s) left top right bottom confidence font-attributes
The 105 66 178 97 90,49322515:50:09.031 [main] INFO  net.sourceforge.tess4j.TessAPITest -   font: Times_New_Roman, size: 9, font id: 283, bold: false, italic: false, underlined: false, monospace: false, serif: true, smallcap: false
(quick) 205 67 347 106 87,13725315:50:09.031 [main] INFO  net.sourceforge.tess4j.TessAPITest -   font: Times_New_Roman_Bold, size: 9, font id: 284, bold: true, italic: false, underlined: false, monospace: false, serif: true, smallcap: false
[brown] 376 69 528 109 89,41955615:50:09.031 [main] INFO  net.sourceforge.tess4j.TessAPITest -   font: Times_New_Roman, size: 9, font id: 283, bold: false, italic: false, underlined: false, monospace: false, serif: true, smallcap: false
{fox} 559 71 663 110 89,93277015:50:09.031 [main] INFO  net.sourceforge.tess4j.TessAPITest -   font: Times_New_Roman, size: 9, font id: 283, bold: false, italic: false, underlined: false, monospace: false, serif: true, smallcap: false
jumps! 687 73 823 113 89,35710915:50:09.032 [main] INFO  net.sourceforge.tess4j.TessAPITest -   font: Times_New_Roman, size: 9, font id: 283, bold: false, italic: false, underlined: false, monospace: false, serif: true, smallcap: false
Over 104 115 199 147 91,76277915:50:09.032 [main] INFO  net.sourceforge.tess4j.TessAPITest -   font: Times_New_Roman, size: 10, font id: 283, bold: false, italic: false, underlined: false, monospace: false, serif: true, smallcap: false
the 224 117 283 148 89,95845815:50:09.032 [main] INFO  net.sourceforge.tess4j.TessAPITest -   font: Times_New_Roman, size: 10, font id: 283, bold: false, italic: false, underlined: false, monospace: false, serif: true, smallcap: false
$43,456.78 310 117 533 155 88,32437115:50:09.032 [main] INFO  net.sourceforge.tess4j.TessAPITest -   font: Times_New_Roman, size: 10, font id: 283, bold: false, italic: false, underlined: false, monospace: false, serif: true, smallcap: false
<lazy> 561 121 696 162 92,76135315:50:09.032 [main] INFO  net.sourceforge.tess4j.TessAPITest -   font: Times_New_Roman, size: 10, font id: 283, bold: false, italic: false, underlined: false, monospace: false, serif: true, smallcap: false
#90 722 123 791 154 92,21235715:50:09.033 [main] INFO  net.sourceforge.tess4j.TessAPITest -   font: Times_New_Roman, size: 10, font id: 283, bold: false, italic: false, underlined: false, monospace: false, serif: true, smallcap: false
dog 818 125 887 165 89,43035115:50:09.033 [main] INFO  net.sourceforge.tess4j.TessAPITest -   font: Times_New_Roman, size: 10, font id: 283, bold: false, italic: false, underlined: false, monospace: false, serif: true, smallcap: false
& 103 165 134 196 91,04525815:50:09.033 [main] INFO  net.sourceforge.tess4j.TessAPITest -   font: Times_New_Roman, size: 10, font id: 283, bold: false, italic: false, underlined: false, monospace: false, serif: true, smallcap: false
duck/goose, 160 166 396 206 88,79320515:50:09.033 [main] INFO  net.sourceforge.tess4j.TessAPITest -   font: Times_New_Roman, size: 10, font id: 283, bold: false, italic: false, underlined: false, monospace: false, serif: true, smallcap: false
as 424 178 463 201 92,73037715:50:09.033 [main] INFO  net.sourceforge.tess4j.TessAPITest -   font: Times_New_Roman, size: 10, font id: 283, bold: false, italic: false, underlined: false, monospace: false, serif: true, smallcap: false
12.5% 493 171 614 203 91,61330415:50:09.033 [main] INFO  net.sourceforge.tess4j.TessAPITest -   font: Times_New_Roman, size: 10, font id: 283, bold: false, italic: false, underlined: false, monospace: false, serif: true, smallcap: false
of 638 172 680 204 89,45312515:50:09.034 [main] INFO  net.sourceforge.tess4j.TessAPITest -   font: Times_New_Roman, size: 10, font id: 283, bold: false, italic: false, underlined: false, monospace: false, serif: true, smallcap: false
E-mail 700 174 835 206 91,03539315:50:09.091 [main] INFO  net.sourceforge.tess4j.TessAPITest -   font: Times_New_Roman, size: 10, font id: 283, bold: false, italic: false, underlined: false, monospace: false, serif: true, smallcap: false
from 103 215 194 247 89,33738715:50:09.091 [main] INFO  net.sourceforge.tess4j.TessAPITest -   font: Times_New_Roman, size: 9, font id: 283, bold: false, italic: false, underlined: false, monospace: false, serif: true, smallcap: false
aspammer@website.com 220 219 716 260 87,22178615:50:09.092 [main] INFO  net.sourceforge.tess4j.TessAPITest -   font: Times_New_Roman, size: 9, font id: 283, bold: false, italic: false, underlined: false, monospace: false, serif: true, smallcap: false
is 742 223 773 255 93,23831215:50:09.092 [main] INFO  net.sourceforge.tess4j.TessAPITest -   font: Times_New_Roman, size: 9, font id: 283, bold: false, italic: false, underlined: false, monospace: false, serif: true, smallcap: false
spam. 799 233 911 264 88,83859315:50:09.092 [main] INFO  net.sourceforge.tess4j.TessAPITest -   font: Times_New_Roman, size: 9, font id: 283, bold: false, italic: false, underlined: false, monospace: false, serif: true, smallcap: false
Der 102 266 173 297 89,99256115:50:09.093 [main] INFO  net.sourceforge.tess4j.TessAPITest -   font: Times_New_Roman, size: 9, font id: 283, bold: false, italic: false, underlined: false, monospace: false, serif: true, smallcap: false
,,schnelle” 198 267 406 302 78,85304315:50:09.093 [main] INFO  net.sourceforge.tess4j.TessAPITest -   font: Times_New_Roman, size: 9, font id: 283, bold: false, italic: false, underlined: false, monospace: false, serif: true, smallcap: false
braune 433 269 568 302 91,46485915:50:09.093 [main] INFO  net.sourceforge.tess4j.TessAPITest -   font: Times_New_Roman, size: 9, font id: 283, bold: false, italic: false, underlined: false, monospace: false, serif: true, smallcap: false
Fuchs 594 272 709 304 91,18370115:50:09.093 [main] INFO  net.sourceforge.tess4j.TessAPITest -   font: Times_New_Roman, size: 9, font id: 283, bold: false, italic: false, underlined: false, monospace: false, serif: true, smallcap: false
springt 735 274 877 314 83,84573415:50:09.093 [main] INFO  net.sourceforge.tess4j.TessAPITest -   font: Times_New_Roman, size: 9, font id: 283, bold: false, italic: false, underlined: false, monospace: false, serif: true, smallcap: false
?ber 102 315 187 347 75,94093315:50:09.094 [main] INFO  net.sourceforge.tess4j.TessAPITest -   font: Times_New_Roman, size: 9, font id: 283, bold: false, italic: false, underlined: false, monospace: false, serif: true, smallcap: false
den 212 317 280 348 91,02278115:50:09.094 [main] INFO  net.sourceforge.tess4j.TessAPITest -   font: Times_New_Roman, size: 9, font id: 283, bold: false, italic: false, underlined: false, monospace: false, serif: true, smallcap: false
faulen 306 318 430 350 86,81765715:50:09.094 [main] INFO  net.sourceforge.tess4j.TessAPITest -   font: Times_New_Roman, size: 9, font id: 283, bold: false, italic: false, underlined: false, monospace: false, serif: true, smallcap: false
Hund. 456 320 572 352 92,35119615:50:09.094 [main] INFO  net.sourceforge.tess4j.TessAPITest -   font: Times_New_Roman, size: 9, font id: 283, bold: false, italic: false, underlined: false, monospace: false, serif: true, smallcap: false
Le 601 322 648 354 87,86200015:50:09.094 [main] INFO  net.sourceforge.tess4j.TessAPITest -   font: Times_New_Roman, size: 9, font id: 283, bold: false, italic: false, underlined: false, monospace: false, serif: true, smallcap: false
renard 674 324 803 356 87,81198915:50:09.095 [main] INFO  net.sourceforge.tess4j.TessAPITest -   font: Times_New_Roman, size: 9, font id: 283, bold: false, italic: false, underlined: false, monospace: false, serif: true, smallcap: false
brun 827 325 918 357 90,92222615:50:09.095 [main] INFO  net.sourceforge.tess4j.TessAPITest -   font: Times_New_Roman, size: 9, font id: 283, bold: false, italic: false, underlined: false, monospace: false, serif: true, smallcap: false
«rapide» 101 366 274 405 88,68408215:50:09.095 [main] INFO  net.sourceforge.tess4j.TessAPITest -   font: Times_New_Roman, size: 9, font id: 283, bold: false, italic: false, underlined: false, monospace: false, serif: true, smallcap: false
15:50:09.117 [Thread-3] INFO  n.sourceforge.tess4j.ProgressMonitor - ocr alive: true
saute 302 373 403 400 88,73291015:50:09.192 [Thread-3] INFO  n.sourceforge.tess4j.ProgressMonitor - progress: 100
15:50:09.192 [main] INFO  net.sourceforge.tess4j.TessAPITest -   font: Times_New_Roman, size: 9, font id: 283, bold: false, italic: false, underlined: false, monospace: false, serif: true, smallcap: false
par-dessus 428 371 641 409 87,19146015:50:09.192 [main] INFO  net.sourceforge.tess4j.TessAPITest -   font: Times_New_Roman, size: 9, font id: 283, bold: false, italic: false, underlined: false, monospace: false, serif: true, smallcap: false
le 667 372 700 404 91,22314515:50:09.193 [main] INFO  net.sourceforge.tess4j.TessAPITest -   font: Times_New_Roman, size: 9, font id: 283, bold: false, italic: false, underlined: false, monospace: false, serif: true, smallcap: false
chien 725 374 833 406 90,68603515:50:09.193 [main] INFO  net.sourceforge.tess4j.TessAPITest -   font: Times_New_Roman, size: 9, font id: 283, bold: false, italic: false, underlined: false, monospace: false, serif: true, smallcap: false
paresseux. 100 424 308 454 89,91584815:50:09.193 [main] INFO  net.sourceforge.tess4j.TessAPITest -   font: Times_New_Roman, size: 9, font id: 283, bold: false, italic: false, underlined: false, monospace: false, serif: true, smallcap: false
La 337 419 384 450 90,14282215:50:09.193 [main] INFO  net.sourceforge.tess4j.TessAPITest -   font: Times_New_Roman, size: 9, font id: 283, bold: false, italic: false, underlined: false, monospace: false, serif: true, smallcap: false
volpe 409 420 516 459 90,51208515:50:09.193 [main] INFO  net.sourceforge.tess4j.TessAPITest -   font: Times_New_Roman, size: 9, font id: 283, bold: false, italic: false, underlined: false, monospace: false, serif: true, smallcap: false
marrone 543 430 707 455 89,82218915:50:09.193 [main] INFO  net.sourceforge.tess4j.TessAPITest -   font: Times_New_Roman, size: 9, font id: 283, bold: false, italic: false, underlined: false, monospace: false, serif: true, smallcap: false
rapida 733 424 859 464 85,99107415:50:09.194 [main] INFO  net.sourceforge.tess4j.TessAPITest -   font: Times_New_Roman, size: 9, font id: 283, bold: false, italic: false, underlined: false, monospace: false, serif: true, smallcap: false
salta 100 466 192 497 90,31024915:50:09.194 [main] INFO  net.sourceforge.tess4j.TessAPITest -   font: Times_New_Roman, size: 10, font id: 283, bold: false, italic: false, underlined: false, monospace: false, serif: true, smallcap: false
sopra 219 475 324 507 90,34414715:50:09.194 [main] INFO  net.sourceforge.tess4j.TessAPITest -   font: Times_New_Roman, size: 10, font id: 283, bold: false, italic: false, underlined: false, monospace: false, serif: true, smallcap: false
i] 351 468 376 499 90,22200015:50:09.194 [main] INFO  net.sourceforge.tess4j.TessAPITest -   font: Times_New_Roman, size: 10, font id: 283, bold: false, italic: false, underlined: false, monospace: false, serif: true, smallcap: false
cane 403 478 491 501 90,80200215:50:09.194 [main] INFO  net.sourceforge.tess4j.TessAPITest -   font: Times_New_Roman, size: 10, font id: 283, bold: false, italic: false, underlined: false, monospace: false, serif: true, smallcap: false
pigro. 517 471 633 511 89,40604415:50:09.195 [main] INFO  net.sourceforge.tess4j.TessAPITest -   font: Times_New_Roman, size: 10, font id: 283, bold: false, italic: false, underlined: false, monospace: false, serif: true, smallcap: false
El 662 473 703 504 96,02223215:50:09.195 [main] INFO  net.sourceforge.tess4j.TessAPITest -   font: Times_New_Roman, size: 10, font id: 283, bold: false, italic: false, underlined: false, monospace: false, serif: true, smallcap: false
zorro 729 482 834 506 88,81683315:50:09.195 [main] INFO  net.sourceforge.tess4j.TessAPITest -   font: Times_New_Roman, size: 10, font id: 283, bold: false, italic: false, underlined: false, monospace: false, serif: true, smallcap: false
marrén 99 516 242 548 79,19206215:50:09.195 [main] INFO  net.sourceforge.tess4j.TessAPITest -   font: Times_New_Roman, size: 9, font id: 283, bold: false, italic: false, underlined: false, monospace: false, serif: true, smallcap: false
répido 268 517 395 557 76,83786815:50:09.196 [main] INFO  net.sourceforge.tess4j.TessAPITest -   font: Times_New_Roman, size: 9, font id: 283, bold: false, italic: false, underlined: false, monospace: false, serif: true, smallcap: false
salta 421 520 513 552 90,54591415:50:09.196 [main] INFO  net.sourceforge.tess4j.TessAPITest -   font: Times_New_Roman, size: 9, font id: 283, bold: false, italic: false, underlined: false, monospace: false, serif: true, smallcap: false
sobre 540 521 644 554 93,64624015:50:09.196 [main] INFO  net.sourceforge.tess4j.TessAPITest -   font: Times_New_Roman, size: 9, font id: 283, bold: false, italic: false, underlined: false, monospace: false, serif: true, smallcap: false
el 669 523 702 554 91,27502415:50:09.293 [main] INFO  net.sourceforge.tess4j.TessAPITest -   font: Times_New_Roman, size: 9, font id: 283, bold: false, italic: false, underlined: false, monospace: false, serif: true, smallcap: false
perro 728 532 833 563 88,13781715:50:09.293 [main] INFO  net.sourceforge.tess4j.TessAPITest -   font: Times_New_Roman, size: 9, font id: 283, bold: false, italic: false, underlined: false, monospace: false, serif: true, smallcap: false
perezoso. 98 574 284 604 89,29917115:50:09.293 [main] INFO  net.sourceforge.tess4j.TessAPITest -   font: Times_New_Roman, size: 10, font id: 283, bold: false, italic: false, underlined: false, monospace: false, serif: true, smallcap: false
A 313 568 342 598 92,23022515:50:09.294 [main] INFO  net.sourceforge.tess4j.TessAPITest -   font: Times_New_Roman, size: 10, font id: 283, bold: false, italic: false, underlined: false, monospace: false, serif: true, smallcap: false
raposa 369 578 497 609 91,48829715:50:09.294 [main] INFO  net.sourceforge.tess4j.TessAPITest -   font: Times_New_Roman, size: 10, font id: 283, bold: false, italic: false, underlined: false, monospace: false, serif: true, smallcap: false
marrom 523 579 677 604 89,25018315:50:09.294 [main] INFO  net.sourceforge.tess4j.TessAPITest -   font: Times_New_Roman, size: 10, font id: 283, bold: false, italic: false, underlined: false, monospace: false, serif: true, smallcap: false
répida 703 573 829 613 75,12800615:50:09.294 [main] INFO  net.sourceforge.tess4j.TessAPITest -   font: Times_New_Roman, size: 10, font id: 283, bold: false, italic: false, underlined: false, monospace: false, serif: true, smallcap: false
salta 98 616 190 647 86,05429115:50:09.294 [main] INFO  net.sourceforge.tess4j.TessAPITest -   font: Times_New_Roman, size: 10, font id: 283, bold: false, italic: false, underlined: false, monospace: false, serif: true, smallcap: false
sobre 217 617 320 649 90,23437515:50:09.295 [main] INFO  net.sourceforge.tess4j.TessAPITest -   font: Times_New_Roman, size: 10, font id: 283, bold: false, italic: false, underlined: false, monospace: false, serif: true, smallcap: false
0 346 627 366 650 89,35874215:50:09.295 [main] INFO  net.sourceforge.tess4j.TessAPITest -   font: Century_Schoolbook_L_Bold, size: 10, font id: 60, bold: true, italic: false, underlined: false, monospace: false, serif: true, smallcap: false
C50 391 621 456 651 72,61098515:50:09.295 [main] INFO  net.sourceforge.tess4j.TessAPITest -   font: Times_New_Roman, size: 10, font id: 283, bold: false, italic: false, underlined: false, monospace: false, serif: true, smallcap: true
preguieoso. 481 621 710 661 74,68872115:50:09.295 [main] INFO  net.sourceforge.tess4j.TessAPITest -   font: Times_New_Roman, size: 10, font id: 283, bold: false, italic: false, underlined: false, monospace: false, serif: true, smallcap: false
15:50:09.301 [main] INFO  net.sourceforge.tess4j.TessAPITest - TessVersion
15:50:09.302 [main] INFO  net.sourceforge.tess4j.TessAPITest - 3.04.00
]]></system-out>
  <system-err><![CDATA[]]></system-err>
</testsuite>
