<?xml version="1.0" encoding="UTF-8" ?>
<testsuite errors="0" failures="0" hostname="Mx" name="net.sourceforge.tess4j.util.PdfUtilitiesTest" skipped="0" tests="5" time="1.42" timestamp="2016-02-15T13:50:25">
  <properties>
    <property name="default.javac.source" value="1.4" />
    <property name="file.encoding.pkg" value="sun.io" />
    <property name="jnlp.signing.alias" value="" />
    <property name="file.reference.logback-core-1.1.3.jar" value="lib\logback-core-1.1.3.jar" />
    <property name="javac.source" value="1.7" />
    <property name="testng.debug.mode" value="" />
    <property name="java.home" value="C:\Program Files\Java\jre1.8.0_73" />
    <property name="file.reference.logback-classic-1.1.3.jar" value="lib\logback-classic-1.1.3.jar" />
    <property name="test.src.dir" value="test" />
    <property name="javadoc.version" value="false" />
    <property name="jnlp.mixed.code" value="default" />
    <property name="libraries.path" value="C:\Users\Baydar\workspace\Tess\lib\nblibraries.properties" />
    <property name="java.endorsed.dirs" value="C:\Program Files\Java\jre1.8.0_73\lib\endorsed" />
    <property name="src.dir" value="src" />
    <property name="debug-args-line" value="-Xdebug" />
    <property name="build.sysclasspath" value="ignore" />
    <property name="have.sources" value="true" />
    <property name="includes" value="**" />
    <property name="javac.fork" value="false" />
    <property name="source.encoding" value="UTF-8" />
    <property name="sun.os.patch.level" value="" />
    <property name="java.vendor.url" value="http://java.oracle.com/" />
    <property name="java.version" value="1.8.0_73" />
    <property name="build.generated.subdirs" value="" />
    <property name="javac.debug" value="false" />
    <property name="application.desc" value="A Java wrapper for Tesseract OCR API" />
    <property name="run.classpath" value="lib/jai_imageio.jar:lib/commons-io-2.4.jar:lib/jna.jar:lib/ghost4j-1.0.0.jar:lib/lept4j-1.0.1.jar:lib/rococoa-core-0.5.jar:lib\logback-core-1.1.3.jar:lib/slf4j-api-1.7.13.jar:lib\logback-classic-1.1.3.jar:lib/log4j-1.2.17.jar:lib/itext-2.1.7.jar:lib/commons-beanutils-1.9.2.jar:lib/commons-logging-1.2.jar:lib/jul-to-slf4j-1.7.13.jar:build/classes" />
    <property name="java.vendor.url.bug" value="http://bugreport.sun.com/bugreport/" />
    <property name="ant.project.invoked-targets" value="default" />
    <property name="annotation.processing.run.all.processors" value="true" />
    <property name="user.name" value="Baydar" />
    <property name="jnlp.enabled" value="false" />
    <property name="empty.dir" value="C:\Users\Baydar\workspace\Tess\build\empty" />
    <property name="sun.io.unicode.encoding" value="UnicodeLittle" />
    <property name="sun.jnu.encoding" value="Cp1252" />
    <property name="java.runtime.name" value="Java(TM) SE Runtime Environment" />
    <property name="application.vendor" value="Quan Nguyen" />
    <property name="java.specification.name" value="Java Platform API Specification" />
    <property name="javadoc.author" value="false" />
    <property name="ap.proc.none.internal" value="" />
    <property name="user.timezone" value="" />
    <property name="user.script" value="" />
    <property name="path.separator" value=";" />
    <property name="testng.mode" value="testng" />
    <property name="version-output" value="java version &quot;1.8" />
    <property name="jnlp.signing" value="" />
    <property name="file.encoding" value="Cp1252" />
    <property name="dist.javadoc.dir" value="dist/javadoc" />
    <property name="ant.project.default-target" value="default" />
    <property name="javac.profile.cmd.line.arg" value="" />
    <property name="sun.java.command" value="org.apache.tools.ant.taskdefs.optional.junit.JUnitTestRunner net.sourceforge.tess4j.util.PdfUtilitiesTest skipNonTests=false filtertrace=true haltOnError=false haltOnFailure=false showoutput=true outputtoformatters=true logfailedtests=true threadid=0 logtestlistenerevents=false formatter=org.apache.tools.ant.taskdefs.optional.junit.BriefJUnitResultFormatter formatter=org.apache.tools.ant.taskdefs.optional.junit.XMLJUnitResultFormatter,C:\Users\Baydar\workspace\Tess\build\test\results\TEST-net.sourceforge.tess4j.util.PdfUtilitiesTest.xml crashfile=C:\Users\Baydar\workspace\Tess\build\junitvmwatcher5292923816980067586.properties propsfile=C:\Users\Baydar\workspace\Tess\build\junit4254850054405366236.properties" />
    <property name="built-jar.properties" value="C:\Users\Baydar\workspace\Tess\build\built-jar.properties" />
    <property name="ant.file" value="C:\Users\Baydar\workspace\Tess\build.xml" />
    <property name="junit.available" value="true" />
    <property name="do.jar" value="true" />
    <property name="java.io.tmpdir" value="C:\Users\Baydar\AppData\Local\Temp\" />
    <property name="build.test.results.dir" value="build/test/results" />
    <property name="user.language" value="tr" />
    <property name="line.separator" value="&#xd;&#xa;" />
    <property name="libs.junit_4.displayName" value="JUnit 4.12" />
    <property name="javac.compilerargs" value="" />
    <property name="file.reference.jai_imageio.jar" value="lib/jai_imageio.jar" />
    <property name="jar.compress" value="false" />
    <property name="debug-transport-by-os" value="dt_shmem" />
    <property name="ant.file.Tess4J-impl" value="C:\Users\Baydar\workspace\Tess\nbproject\build-impl.xml" />
    <property name="do.depend.true" value="true" />
    <property name="java.vm.info" value="mixed mode" />
    <property name="javadoc.private" value="false" />
    <property name="annotation.processing.processors.list" value="" />
    <property name="sun.desktop" value="windows" />
    <property name="build.test.classes.dir" value="build/test/classes" />
    <property name="java.vm.specification.name" value="Java Virtual Machine Specification" />
    <property name="version" value="3.0" />
    <property name="ant.file.type.Tess4J-impl" value="file" />
    <property name="test.binaryexcludes" value="" />
    <property name="file.reference.log4j-1.2.17.jar" value="lib/log4j-1.2.17.jar" />
    <property name="platform.active" value="default_platform" />
    <property name="ap.cmd.line.internal" value="" />
    <property name="jdkBug6558476" value="false" />
    <property name="java.failonerror" value="true" />
    <property name="endorsed.classpath" value="" />
    <property name="javadoc.encoding" value="UTF-8" />
    <property name="java.awt.printerjob" value="sun.awt.windows.WPrinterJob" />
    <property name="ap.processors.internal" value="" />
    <property name="do.archive" value="true" />
    <property name="dist.jar" value="dist/tess4j-3.0.jar" />
    <property name="meta.inf.dir" value="src/META-INF" />
    <property name="ant.version" value="Apache Ant(TM) version 1.9.4 compiled on April 29 2014" />
    <property name="ant.file.Tess4J" value="C:\Users\Baydar\workspace\Tess\build.xml" />
    <property name="javadoc.nonavbar" value="false" />
    <property name="user.properties.file" value="C:\Users\Quan\AppData\Roaming\NetBeans\8.1\build.properties" />
    <property name="javac.external.vm" value="false" />
    <property name="file.reference.rococoa-core-0.5.jar" value="lib/rococoa-core-0.5.jar" />
    <property name="annotation.processing.source.output" value="build/generated-sources/ap-source-output" />
    <property name="build.generated.dir" value="build/generated" />
    <property name="os.name" value="Windows 8.1" />
    <property name="java.specification.vendor" value="Oracle Corporation" />
    <property name="run.test.classpath" value="lib/jai_imageio.jar:lib/commons-io-2.4.jar:lib/jna.jar:lib/ghost4j-1.0.0.jar:lib/lept4j-1.0.1.jar:lib/rococoa-core-0.5.jar:lib\logback-core-1.1.3.jar:lib/slf4j-api-1.7.13.jar:lib\logback-classic-1.1.3.jar:lib/log4j-1.2.17.jar:lib/itext-2.1.7.jar:lib/commons-beanutils-1.9.2.jar:lib/commons-logging-1.2.jar:lib/jul-to-slf4j-1.7.13.jar:build/classes:C:/Users/Baydar/workspace/Tess/lib/junit-4.12.jar:C:/Users/Baydar/workspace/Tess/lib/hamcrest-core-1.3.jar:build/test/classes" />
    <property name="java.vm.name" value="Java HotSpot(TM) 64-Bit Server VM" />
    <property name="ant.file.type.Tess4J" value="file" />
    <property name="ap.supported.internal" value="true" />
    <property name="java.library.path" value="C:\Program Files\Java\jre1.8.0_73\bin;C:\WINDOWS\Sun\Java\bin;C:\WINDOWS\system32;C:\WINDOWS;C:/Program Files/Java/jre1.8.0_73/bin/server;C:/Program Files/Java/jre1.8.0_73/bin;C:/Program Files/Java/jre1.8.0_73/lib/amd64;C:\ProgramData\Oracle\Java\javapath;C:\WINDOWS\system32;C:\WINDOWS;C:\WINDOWS\System32\Wbem;C:\WINDOWS\System32\WindowsPowerShell\v1.0\;C:\Program Files (x86)\NVIDIA Corporation\PhysX\Common;C:\Program Files\Java\jdk1.8.0_65\bin;C:\apache-maven-3.3.9\bin;C:\Program Files\Java\jre1.8.0_71\bin;C:\eclipse;;." />
    <property name="ant.java.version" value="1.8" />
    <property name="basedir" value="C:\Users\Baydar\workspace\Tess" />
    <property name="javadoc.noindex" value="false" />
    <property name="java.class.version" value="52.0" />
    <property name="javac.test.classpath" value="lib/jai_imageio.jar:lib/commons-io-2.4.jar:lib/jna.jar:lib/ghost4j-1.0.0.jar:lib/lept4j-1.0.1.jar:lib/rococoa-core-0.5.jar:lib\logback-core-1.1.3.jar:lib/slf4j-api-1.7.13.jar:lib\logback-classic-1.1.3.jar:lib/log4j-1.2.17.jar:lib/itext-2.1.7.jar:lib/commons-beanutils-1.9.2.jar:lib/commons-logging-1.2.jar:lib/jul-to-slf4j-1.7.13.jar:build/classes:C:/Users/Baydar/workspace/Tess/lib/junit-4.12.jar:C:/Users/Baydar/workspace/Tess/lib/hamcrest-core-1.3.jar" />
    <property name="javac.processorpath" value="lib/jai_imageio.jar:lib/commons-io-2.4.jar:lib/jna.jar:lib/ghost4j-1.0.0.jar:lib/lept4j-1.0.1.jar:lib/rococoa-core-0.5.jar:lib\logback-core-1.1.3.jar:lib/slf4j-api-1.7.13.jar:lib\logback-classic-1.1.3.jar:lib/log4j-1.2.17.jar:lib/itext-2.1.7.jar:lib/commons-beanutils-1.9.2.jar:lib/commons-logging-1.2.jar:lib/jul-to-slf4j-1.7.13.jar" />
    <property name="ant.home" value="C:\eclipse\plugins\org.apache.ant_1.9.4.v201504302020" />
    <property name="javadoc.splitindex" value="true" />
    <property name="javac.test.processorpath" value="lib/jai_imageio.jar:lib/commons-io-2.4.jar:lib/jna.jar:lib/ghost4j-1.0.0.jar:lib/lept4j-1.0.1.jar:lib/rococoa-core-0.5.jar:lib\logback-core-1.1.3.jar:lib/slf4j-api-1.7.13.jar:lib\logback-classic-1.1.3.jar:lib/log4j-1.2.17.jar:lib/itext-2.1.7.jar:lib/commons-beanutils-1.9.2.jar:lib/commons-logging-1.2.jar:lib/jul-to-slf4j-1.7.13.jar:build/classes:C:/Users/Baydar/workspace/Tess/lib/junit-4.12.jar:C:/Users/Baydar/workspace/Tess/lib/hamcrest-core-1.3.jar" />
    <property name="javadoc.preview" value="true" />
    <property name="copylibs.rebase" value="true" />
    <property name="jnlp.signing.keystore" value="" />
    <property name="junit.forkmode" value="perTest" />
    <property name="test.binarytestincludes" value="" />
    <property name="libs.junit_4.classpath" value="C:/Users/Baydar/workspace/Tess/lib/junit-4.12.jar" />
    <property name="sun.boot.library.path" value="C:\Program Files\Java\jre1.8.0_73\bin" />
    <property name="build.dir" value="build" />
    <property name="application.title" value="Tess4J" />
    <property name="sun.management.compiler" value="HotSpot 64-Bit Tiered Compilers" />
    <property name="java.awt.graphicsenv" value="sun.awt.Win32GraphicsEnvironment" />
    <property name="user.variant" value="" />
    <property name="javadoc.encoding.used" value="UTF-8" />
    <property name="libraries.dir.nativedirsep" value="C:\Users\Baydar\workspace\Tess\lib" />
    <property name="javadoc.windowtitle" value="Tess4J API" />
    <property name="libs.hamcrest.classpath" value="C:/Users/Baydar/workspace/Tess/lib/hamcrest-core-1.3.jar" />
    <property name="run.jvmargs.ide" value="" />
    <property name="annotation.processing.enabled" value="true" />
    <property name="build.generated.sources.dir" value="build/generated-sources" />
    <property name="nb.junit.single" value="false" />
    <property name="run.jvmargs" value="" />
    <property name="ant.project.name" value="Tess4J" />
    <property name="java.vm.specification.version" value="1.8" />
    <property name="file.reference.commons-beanutils-1.9.2.jar" value="lib/commons-beanutils-1.9.2.jar" />
    <property name="work.dir" value="C:\Users\Baydar\workspace\Tess" />
    <property name="awt.toolkit" value="sun.awt.windows.WToolkit" />
    <property name="javadoc.use" value="true" />
    <property name="sun.cpu.isalist" value="amd64" />
    <property name="file.reference.slf4j-api-1.7.13.jar" value="lib/slf4j-api-1.7.13.jar" />
    <property name="file.reference.commons-logging-1.2.jar" value="lib/commons-logging-1.2.jar" />
    <property name="java.ext.dirs" value="C:\Program Files\Java\jre1.8.0_73\lib\ext;C:\WINDOWS\Sun\Java\lib\ext" />
    <property name="os.version" value="6.3" />
    <property name="excludes" value="" />
    <property name="jnlp.descriptor" value="application" />
    <property name="user.home" value="C:\Users\Baydar" />
    <property name="libraries.basename" value="nblibraries" />
    <property name="java.vm.vendor" value="Oracle Corporation" />
    <property name="file.reference.itext-2.1.7.jar" value="lib/itext-2.1.7.jar" />
    <property name="user.dir" value="C:\Users\Baydar\workspace\Tess" />
    <property name="file.reference.jul-to-slf4j-1.7.13.jar" value="lib/jul-to-slf4j-1.7.13.jar" />
    <property name="debug-transport" value="dt_shmem" />
    <property name="application.args" value="" />
    <property name="sun.cpu.endian" value="little" />
    <property name="compile.on.save" value="true" />
    <property name="endorsed.classpath.cmd.line.arg" value="" />
    <property name="jar.index" value="false" />
    <property name="jnlp.offline-allowed" value="false" />
    <property name="libraries.dir" value="C:/Users/Baydar/workspace/Tess/lib" />
    <property name="java.vm.version" value="25.73-b02" />
    <property name="libs.hamcrest.displayName" value="Hamcrest 1.3" />
    <property name="test.binaryincludes" value="&lt;nothing&gt;" />
    <property name="java.class.path" value="C:\Users\Baydar\workspace\Tess\lib\jai_imageio.jar;C:\Users\Baydar\workspace\Tess\lib\commons-io-2.4.jar;C:\Users\Baydar\workspace\Tess\lib\jna.jar;C:\Users\Baydar\workspace\Tess\lib\ghost4j-1.0.0.jar;C:\Users\Baydar\workspace\Tess\lib\lept4j-1.0.1.jar;C:\Users\Baydar\workspace\Tess\lib\rococoa-core-0.5.jar;C:\Users\Baydar\workspace\Tess\lib\logback-core-1.1.3.jar;C:\Users\Baydar\workspace\Tess\lib\slf4j-api-1.7.13.jar;C:\Users\Baydar\workspace\Tess\lib\logback-classic-1.1.3.jar;C:\Users\Baydar\workspace\Tess\lib\log4j-1.2.17.jar;C:\Users\Baydar\workspace\Tess\lib\itext-2.1.7.jar;C:\Users\Baydar\workspace\Tess\lib\commons-beanutils-1.9.2.jar;C:\Users\Baydar\workspace\Tess\lib\commons-logging-1.2.jar;C:\Users\Baydar\workspace\Tess\lib\jul-to-slf4j-1.7.13.jar;C:\Users\Baydar\workspace\Tess\build\classes;C:\Users\Baydar\workspace\Tess\lib\junit-4.12.jar;C:\Users\Baydar\workspace\Tess\lib\hamcrest-core-1.3.jar;C:\Users\Baydar\workspace\Tess\build\test\classes;C:\Users\Baydar\workspace\Tess;C:\eclipse\plugins\org.apache.ant_1.9.4.v201504302020\lib\ant-launcher.jar;C:\eclipse\plugins\org.apache.ant_1.9.4.v201504302020\lib\ant.jar;C:\eclipse\plugins\org.apache.ant_1.9.4.v201504302020\lib\ant-junit.jar;C:\eclipse\plugins\org.apache.ant_1.9.4.v201504302020\lib\ant-junit4.jar" />
    <property name="annotation.processing.processor.options" value="" />
    <property name="file.reference.ghost4j-1.0.0.jar" value="lib/ghost4j-1.0.0.jar" />
    <property name="ant.library.dir" value="C:\eclipse\plugins\org.apache.ant_1.9.4.v201504302020\lib" />
    <property name="os.arch" value="amd64" />
    <property name="javac.deprecation" value="true" />
    <property name="build.classes.excludes" value="**/*.java,**/*.form" />
    <property name="dist.dir" value="dist" />
    <property name="debug.classpath" value="lib/jai_imageio.jar:lib/commons-io-2.4.jar:lib/jna.jar:lib/ghost4j-1.0.0.jar:lib/lept4j-1.0.1.jar:lib/rococoa-core-0.5.jar:lib\logback-core-1.1.3.jar:lib/slf4j-api-1.7.13.jar:lib\logback-classic-1.1.3.jar:lib/log4j-1.2.17.jar:lib/itext-2.1.7.jar:lib/commons-beanutils-1.9.2.jar:lib/commons-logging-1.2.jar:lib/jul-to-slf4j-1.7.13.jar:build/classes" />
    <property name="sun.java.launcher" value="SUN_STANDARD" />
    <property name="jar.index.metainf" value="false" />
    <property name="jnlp.codebase.type" value="no.codebase" />
    <property name="platform.java" value="C:\Program Files\Java\jre1.8.0_73/bin/java" />
    <property name="annotation.processing.enabled.in.editor" value="false" />
    <property name="ant.core.lib" value="C:\eclipse\plugins\org.apache.ant_1.9.4.v201504302020\lib\ant.jar" />
    <property name="jnlp.signed" value="false" />
    <property name="java.vm.specification.vendor" value="Oracle Corporation" />
    <property name="do.depend" value="true" />
    <property name="file.separator" value="\" />
    <property name="java.runtime.version" value="1.8.0_73-b02" />
    <property name="sun.boot.class.path" value="C:\Program Files\Java\jre1.8.0_73\lib\resources.jar;C:\Program Files\Java\jre1.8.0_73\lib\rt.jar;C:\Program Files\Java\jre1.8.0_73\lib\sunrsasign.jar;C:\Program Files\Java\jre1.8.0_73\lib\jsse.jar;C:\Program Files\Java\jre1.8.0_73\lib\jce.jar;C:\Program Files\Java\jre1.8.0_73\lib\charsets.jar;C:\Program Files\Java\jre1.8.0_73\lib\jfr.jar;C:\Program Files\Java\jre1.8.0_73\classes" />
    <property name="debug.test.classpath" value="lib/jai_imageio.jar:lib/commons-io-2.4.jar:lib/jna.jar:lib/ghost4j-1.0.0.jar:lib/lept4j-1.0.1.jar:lib/rococoa-core-0.5.jar:lib\logback-core-1.1.3.jar:lib/slf4j-api-1.7.13.jar:lib\logback-classic-1.1.3.jar:lib/log4j-1.2.17.jar:lib/itext-2.1.7.jar:lib/commons-beanutils-1.9.2.jar:lib/commons-logging-1.2.jar:lib/jul-to-slf4j-1.7.13.jar:build/classes:C:/Users/Baydar/workspace/Tess/lib/junit-4.12.jar:C:/Users/Baydar/workspace/Tess/lib/hamcrest-core-1.3.jar:build/test/classes" />
    <property name="nb.junit.batch" value="true" />
    <property name="have.tests" value="true" />
    <property name="jar.archive.disabled" value="false" />
    <property name="libs.junit_4.prop-maven-dependencies" value="junit:junit:4.12:jar" />
    <property name="file.reference.jna.jar" value="lib/jna.jar" />
    <property name="file.reference.lept4j-1.0.1.jar" value="lib/lept4j-1.0.1.jar" />
    <property name="user.country" value="TR" />
    <property name="javadoc.notree" value="false" />
    <property name="application.homepage" value="http://tess4j.sf.net" />
    <property name="file.reference.commons-io-2.4.jar" value="lib/commons-io-2.4.jar" />
    <property name="javadoc.additionalparam" value="" />
    <property name="javac.classpath" value="lib/jai_imageio.jar:lib/commons-io-2.4.jar:lib/jna.jar:lib/ghost4j-1.0.0.jar:lib/lept4j-1.0.1.jar:lib/rococoa-core-0.5.jar:lib\logback-core-1.1.3.jar:lib/slf4j-api-1.7.13.jar:lib\logback-classic-1.1.3.jar:lib/log4j-1.2.17.jar:lib/itext-2.1.7.jar:lib/commons-beanutils-1.9.2.jar:lib/commons-logging-1.2.jar:lib/jul-to-slf4j-1.7.13.jar" />
    <property name="default.javac.target" value="1.4" />
    <property name="build.classes.dir" value="build/classes" />
    <property name="java.vendor" value="Oracle Corporation" />
    <property name="javac.target" value="1.7" />
    <property name="runtime.encoding" value="UTF-8" />
    <property name="libs.hamcrest.prop-maven-dependencies" value="org.hamcrest:hamcrest-core:1.3:jar" />
    <property name="java.specification.version" value="1.8" />
    <property name="sun.arch.data.model" value="64" />
    <property name="mkdist.disabled" value="false" />
  </properties>
  <testcase classname="net.sourceforge.tess4j.util.PdfUtilitiesTest" name="testSplitPdf" time="0.893" />
  <testcase classname="net.sourceforge.tess4j.util.PdfUtilitiesTest" name="testGetPdfPageCount" time="0.031" />
  <testcase classname="net.sourceforge.tess4j.util.PdfUtilitiesTest" name="testMergePdf" time="0.256" />
  <testcase classname="net.sourceforge.tess4j.util.PdfUtilitiesTest" name="testConvertPdf2Png" time="0.057" />
  <testcase classname="net.sourceforge.tess4j.util.PdfUtilitiesTest" name="testConvertPdf2Tiff" time="0.152" />
  <system-out><![CDATA[15:50:25.418 [main] INFO  n.s.tess4j.util.PdfUtilitiesTest - splitPdf
15:50:26.312 [main] INFO  n.s.tess4j.util.PdfUtilitiesTest - getPdfPageCount
15:50:26.345 [main] INFO  n.s.tess4j.util.PdfUtilitiesTest - mergePdf
15:50:26.603 [main] INFO  n.s.tess4j.util.PdfUtilitiesTest - convertPdf2Png
15:50:26.661 [main] INFO  n.s.tess4j.util.PdfUtilitiesTest - convertPdf2Tiff
]]></system-out>
  <system-err><![CDATA[]]></system-err>
</testsuite>
